<?xml version="1.0" encoding="UTF-8"?>
<!-- Generated by org.testng.reporters.JUnitReportReporter -->
<testsuite skipped="0" hostname="DESKTOP-QQ8CBUK" name="seleniumpractice.AlertBox" tests="1" failures="0" timestamp="30 Nov 2022 07:41:34 GMT" time="4.319" errors="0">
  <testcase name="alert" time="4.319" classname="seleniumpractice.AlertBox"/>
</testsuite> <!-- seleniumpractice.AlertBox -->
