<?xml version="1.0" encoding="UTF-8"?>
<!-- Generated by org.testng.reporters.JUnitReportReporter -->
<testsuite skipped="0" hostname="DESKTOP-QQ8CBUK" name="seleniumpractice.MultipleWindows" tests="1" failures="0" timestamp="30 Nov 2022 07:24:24 GMT" time="12.751" errors="0">
  <testcase name="windows" time="12.751" classname="seleniumpractice.MultipleWindows"/>
</testsuite> <!-- seleniumpractice.MultipleWindows -->
