<?xml version="1.0" encoding="UTF-8"?>
<!-- Generated by org.testng.reporters.JUnitReportReporter -->
<testsuite skipped="0" hostname="DESKTOP-QQ8CBUK" name="seleniumpractice.Trial" tests="1" failures="0" timestamp="11 Dec 2022 07:20:11 GMT" time="4.014" errors="0">
  <testcase name="windows" time="4.014" classname="seleniumpractice.Trial"/>
</testsuite> <!-- seleniumpractice.Trial -->
