<?xml version="1.0" encoding="UTF-8"?>
<!-- Generated by org.testng.reporters.JUnitReportReporter -->
<testsuite skipped="0" hostname="DESKTOP-QQ8CBUK" name="seleniumpractice.ConnectFB" tests="1" failures="0" timestamp="30 Nov 2022 10:43:17 GMT" time="4.276" errors="0">
  <testcase name="maindTree" time="4.276" classname="seleniumpractice.ConnectFB"/>
</testsuite> <!-- seleniumpractice.ConnectFB -->
